<?xml version="1.0" encoding="UTF-8"?>
<testsuite xmlns:xsi="http://www.w3.org/2001/XMLSchema-instance" xsi:noNamespaceSchemaLocation="https://maven.apache.org/surefire/maven-surefire-plugin/xsd/surefire-test-report-3.0.xsd" version="3.0" name="com.qa.nal.SearchTests" time="95.282" tests="3" errors="0" skipped="0" failures="1">
  <properties>
[...]
</properties>
  <testcase name="navigateToLoginPage" classname="com.qa.nal.SearchTests" time="1.528">
    <system-out><![CDATA[13:18:44.922 [main] INFO  i.q.commons.reporters.CoreReporter - Starting test run
13:18:46.308 [main] ERROR i.q.commons.reporters.CoreReporter - Failed to start test run with reporter
io.qase.commons.QaseException: Failed to create test run: {"error":"Unauthenticated."}
	at io.qase.commons.client.ApiClientV1.createTestRun(ApiClientV1.java:77)
	at io.qase.commons.reporters.TestopsReporter.startTestRun(TestopsReporter.java:36)
	at io.qase.commons.reporters.CoreReporter.lambda$startTestRun$0(CoreReporter.java:31)
	at io.qase.commons.reporters.CoreReporter.executeWithFallback(CoreReporter.java:58)
	at io.qase.commons.reporters.CoreReporter.startTestRun(CoreReporter.java:31)
	at io.qase.junit5.QaseListener.testPlanExecutionStarted(QaseListener.java:29)
	at org.junit.platform.launcher.core.TestExecutionListenerRegistry$CompositeTestExecutionListener.lambda$testPlanExecutionStarted$12(TestExecutionListenerRegistry.java:115)
	at org.junit.platform.launcher.core.TestExecutionListenerRegistry.lambda$notifyEach$1(TestExecutionListenerRegistry.java:67)
	at java.base/java.util.ArrayList.forEach(ArrayList.java:1596)
	at org.junit.platform.launcher.core.TestExecutionListenerRegistry.notifyEach(TestExecutionListenerRegistry.java:65)
	at org.junit.platform.launcher.core.TestExecutionListenerRegistry.access$200(TestExecutionListenerRegistry.java:32)
	at org.junit.platform.launcher.core.TestExecutionListenerRegistry$CompositeTestExecutionListener.testPlanExecutionStarted(TestExecutionListenerRegistry.java:115)
	at org.junit.platform.launcher.core.DefaultLauncher.lambda$execute$5(DefaultLauncher.java:200)
	at org.junit.platform.launcher.core.DefaultLauncher.withInterceptedStreams(DefaultLauncher.java:226)
	at org.junit.platform.launcher.core.DefaultLauncher.execute(DefaultLauncher.java:199)
	at org.junit.platform.launcher.core.DefaultLauncher.execute(DefaultLauncher.java:132)
	at org.apache.maven.surefire.junitplatform.JUnitPlatformProvider.execute(JUnitPlatformProvider.java:188)
	at org.apache.maven.surefire.junitplatform.JUnitPlatformProvider.invokeAllTests(JUnitPlatformProvider.java:154)
	at org.apache.maven.surefire.junitplatform.JUnitPlatformProvider.invoke(JUnitPlatformProvider.java:128)
	at org.apache.maven.surefire.booter.ForkedBooter.runSuitesInProcess(ForkedBooter.java:428)
	at org.apache.maven.surefire.booter.ForkedBooter.execute(ForkedBooter.java:162)
	at org.apache.maven.surefire.booter.ForkedBooter.run(ForkedBooter.java:562)
	at org.apache.maven.surefire.booter.ForkedBooter.main(ForkedBooter.java:548)
13:18:52.660 [main] INFO  io.qase.api.QaseClient - Required parameter 'QASE_API_TOKEN' isn't specified
13:18:52.660 [main] INFO  io.qase.api.QaseClient - Required parameter 'QASE_PROJECT_CODE' isn't specified
13:18:52.660 [main] INFO  io.qase.api.QaseClient - Qase project code - null
13:18:52.661 [main] INFO  io.qase.api.QaseClient - Required parameters 'QASE_RUN_ID' or 'QASE_RUN_NAME' aren't specified
13:18:54.177 [main] INFO  com.qa.nal.SearchTests - Navigating to login page: https://dev-demo.neuron7.ai
13:18:54.185 [main] INFO  i.q.commons.reporters.CoreReporter - Adding result: {"id":"226235a3-8a7f-4044-94b9-17193b07e389","title":"Navigate to Login","signature":"com:qa:nal::searchtests.java::searchtests::navigatetologinpage::1","testopsId":1,"execution":{"startTime":1751528932673,"status":"PASSED","endTime":1751528934185,"duration":1512},"fields":{},"attachments":[],"steps":[],"params":{},"paramGroups":[],"relations":{"suite":{"data":[{"title":"com.qa.nal.SearchTests","publicId":0}]}},"muted":false,"ignore":false}
]]></system-out>
  </testcase>
  <testcase name="performAutomationActions" classname="com.qa.nal.SearchTests" time="26.516">
    <system-out><![CDATA[13:19:20.707 [main] INFO  i.q.commons.reporters.CoreReporter - Adding result: {"id":"6d8bd388-53b3-49ae-b155-c3b626976fb7","title":"Perform Automation actions","signature":"com:qa:nal::searchtests.java::searchtests::performautomationactions::2","testopsId":2,"execution":{"startTime":1751528934193,"status":"PASSED","endTime":1751528960707,"duration":26514},"fields":{},"attachments":[],"steps":[],"params":{},"paramGroups":[],"relations":{"suite":{"data":[{"title":"com.qa.nal.SearchTests","publicId":0}]}},"muted":false,"ignore":false}
]]></system-out>
  </testcase>
  <testcase name="performAutomation" classname="com.qa.nal.SearchTests" time="60.543">
    <failure type="org.opentest4j.AssertionFailedError"><![CDATA[org.opentest4j.AssertionFailedError: 
Test Failed: Error {
  message='Timeout 60000ms exceeded.
  name='TimeoutError
  stack='TimeoutError: Timeout 60000ms exceeded.
    at ProgressController.run (C:\Users\user\AppData\Local\Temp\playwright-java-10549302936286851254\package\lib\server\progress.js:76:26)
    at Frame.waitForSelector (C:\Users\user\AppData\Local\Temp\playwright-java-10549302936286851254\package\lib\server\frames.js:647:23)
    at FrameDispatcher.waitForSelector (C:\Users\user\AppData\Local\Temp\playwright-java-10549302936286851254\package\lib\server\dispatchers\frameDispatcher.js:82:116)
    at FrameDispatcher._handleCommand (C:\Users\user\AppData\Local\Temp\playwright-java-10549302936286851254\package\lib\server\dispatchers\dispatcher.js:94:40)
    at DispatcherConnection.dispatch (C:\Users\user\AppData\Local\Temp\playwright-java-10549302936286851254\package\lib\server\dispatchers\dispatcher.js:307:39)
}
Call log:
-   - waiting for locator("#container > div > div.q8WwEU > div > div > div > div > div > div > div > div > div > div._2nl6Ch.k2FAh4 > div > div > header > div._3ZqtNW > div._3NorZ0._3jeYYh > form > div > div > input") to be visible

	at com.qa.nal.SearchTests.performAutomation(SearchTests.java:130)
]]></failure>
    <system-out><![CDATA[Queries loaded from Excel: [Silpper, Shoes, Toy]
13:20:21.243 [main] INFO  com.qa.nal.SearchTests - Test Failed: Error {
  message='Timeout 60000ms exceeded.
  name='TimeoutError
  stack='TimeoutError: Timeout 60000ms exceeded.
    at ProgressController.run (C:\Users\user\AppData\Local\Temp\playwright-java-10549302936286851254\package\lib\server\progress.js:76:26)
    at Frame.waitForSelector (C:\Users\user\AppData\Local\Temp\playwright-java-10549302936286851254\package\lib\server\frames.js:647:23)
    at FrameDispatcher.waitForSelector (C:\Users\user\AppData\Local\Temp\playwright-java-10549302936286851254\package\lib\server\dispatchers\frameDispatcher.js:82:116)
    at FrameDispatcher._handleCommand (C:\Users\user\AppData\Local\Temp\playwright-java-10549302936286851254\package\lib\server\dispatchers\dispatcher.js:94:40)
    at DispatcherConnection.dispatch (C:\Users\user\AppData\Local\Temp\playwright-java-10549302936286851254\package\lib\server\dispatchers\dispatcher.js:307:39)
}
Call log:
-   - waiting for locator("#container > div > div.q8WwEU > div > div > div > div > div > div > div > div > div > div._2nl6Ch.k2FAh4 > div > div > header > div._3ZqtNW > div._3NorZ0._3jeYYh > form > div > div > input") to be visible

13:20:21.247 [main] INFO  i.q.commons.reporters.CoreReporter - Adding result: {"id":"f52682b8-e58f-484f-9be5-4015063fcba0","title":"Perform Automation ","signature":"com:qa:nal::searchtests.java::searchtests::performautomation::3","testopsId":3,"execution":{"startTime":1751528960710,"status":"FAILED","endTime":1751529021247,"duration":60537,"stacktrace":"org.opentest4j.AssertionFailedError: Test Failed: Error {\n  message\u003d\u0027Timeout 60000ms exceeded.\n  name\u003d\u0027TimeoutError\n  stack\u003d\u0027TimeoutError: Timeout 60000ms exceeded.\n    at ProgressController.run (C:\\Users\\user\\AppData\\Local\\Temp\\playwright-java-10549302936286851254\\package\\lib\\server\\progress.js:76:26)\n    at Frame.waitForSelector (C:\\Users\\user\\AppData\\Local\\Temp\\playwright-java-10549302936286851254\\package\\lib\\server\\frames.js:647:23)\n    at FrameDispatcher.waitForSelector (C:\\Users\\user\\AppData\\Local\\Temp\\playwright-java-10549302936286851254\\package\\lib\\server\\dispatchers\\frameDispatcher.js:82:116)\n    at FrameDispatcher._handleCommand (C:\\Users\\user\\AppData\\Local\\Temp\\playwright-java-10549302936286851254\\package\\lib\\server\\dispatchers\\dispatcher.js:94:40)\n    at DispatcherConnection.dispatch (C:\\Users\\user\\AppData\\Local\\Temp\\playwright-java-10549302936286851254\\package\\lib\\server\\dispatchers\\dispatcher.js:307:39)\n}\nCall log:\n-   - waiting for locator(\"#container \u003e div \u003e div.q8WwEU \u003e div \u003e div \u003e div \u003e div \u003e div \u003e div \u003e div \u003e div \u003e div \u003e div._2nl6Ch.k2FAh4 \u003e div \u003e div \u003e header \u003e div._3ZqtNW \u003e div._3NorZ0._3jeYYh \u003e form \u003e div \u003e div \u003e input\") to be visible\n\r\n\tat org.junit.jupiter.api.AssertionUtils.fail(AssertionUtils.java:38)\r\n\tat org.junit.jupiter.api.Assertions.fail(Assertions.java:138)\r\n\tat com.qa.nal.SearchTests.performAutomation(SearchTests.java:130)\r\n\tat java.base/jdk.internal.reflect.DirectMethodHandleAccessor.invoke(DirectMethodHandleAccessor.java:103)\r\n\tat java.base/java.lang.reflect.Method.invoke(Method.java:580)\r\n\tat org.junit.platform.commons.util.ReflectionUtils.invokeMethod(ReflectionUtils.java:766)\r\n\tat org.junit.jupiter.engine.execution.MethodInvocation.proceed(MethodInvocation.java:60)\r\n\tat org.junit.jupiter.engine.execution.InvocationInterceptorChain$ValidatingInvocation.proceed(InvocationInterceptorChain.java:131)\r\n\tat io.qase.junit5.QaseListener.interceptTestMethod(QaseListener.java:67)\r\n\tat org.junit.jupiter.engine.execution.InterceptingExecutableInvoker$ReflectiveInterceptorCall.lambda$ofVoidMethod$0(InterceptingExecutableInvoker.java:103)\r\n\tat org.junit.jupiter.engine.execution.InterceptingExecutableInvoker.lambda$invoke$0(InterceptingExecutableInvoker.java:93)\r\n\tat org.junit.jupiter.engine.execution.InvocationInterceptorChain$InterceptedInvocation.proceed(InvocationInterceptorChain.java:106)\r\n\tat org.junit.jupiter.engine.extension.TimeoutExtension.intercept(TimeoutExtension.java:156)\r\n\tat org.junit.jupiter.engine.extension.TimeoutExtension.interceptTestableMethod(TimeoutExtension.java:147)\r\n\tat org.junit.jupiter.engine.extension.TimeoutExtension.interceptTestMethod(TimeoutExtension.java:86)\r\n\tat org.junit.jupiter.engine.execution.InterceptingExecutableInvoker$ReflectiveInterceptorCall.lambda$ofVoidMethod$0(InterceptingExecutableInvoker.java:103)\r\n\tat org.junit.jupiter.engine.execution.InterceptingExecutableInvoker.lambda$invoke$0(InterceptingExecutableInvoker.java:93)\r\n\tat org.junit.jupiter.engine.execution.InvocationInterceptorChain$InterceptedInvocation.proceed(InvocationInterceptorChain.java:106)\r\n\tat org.junit.jupiter.engine.execution.InvocationInterceptorChain.proceed(InvocationInterceptorChain.java:64)\r\n\tat org.junit.jupiter.engine.execution.InvocationInterceptorChain.chainAndInvoke(InvocationInterceptorChain.java:45)\r\n\tat org.junit.jupiter.engine.execution.InvocationInterceptorChain.invoke(InvocationInterceptorChain.java:37)\r\n\tat org.junit.jupiter.engine.execution.InterceptingExecutableInvoker.invoke(InterceptingExecutableInvoker.java:92)\r\n\tat org.junit.jupiter.engine.execution.InterceptingExecutableInvoker.invoke(InterceptingExecutableInvoker.java:86)\r\n\tat org.junit.jupiter.engine.descriptor.TestMethodTestDescriptor.lambda$invokeTestMethod$8(TestMethodTestDescriptor.java:217)\r\n\tat org.junit.platform.engine.support.hierarchical.ThrowableCollector.execute(ThrowableCollector.java:73)\r\n\tat org.junit.jupiter.engine.descriptor.TestMethodTestDescriptor.invokeTestMethod(TestMethodTestDescriptor.java:213)\r\n\tat org.junit.jupiter.engine.descriptor.TestMethodTestDescriptor.execute(TestMethodTestDescriptor.java:138)\r\n\tat org.junit.jupiter.engine.descriptor.TestMethodTestDescriptor.execute(TestMethodTestDescriptor.java:68)\r\n\tat org.junit.platform.engine.support.hierarchical.NodeTestTask.lambda$executeRecursively$6(NodeTestTask.java:156)\r\n\tat org.junit.platform.engine.support.hierarchical.ThrowableCollector.execute(ThrowableCollector.java:73)\r\n\tat org.junit.platform.engine.support.hierarchical.NodeTestTask.lambda$executeRecursively$8(NodeTestTask.java:146)\r\n\tat org.junit.platform.engine.support.hierarchical.Node.around(Node.java:137)\r\n\tat org.junit.platform.engine.support.hierarchical.NodeTestTask.lambda$executeRecursively$9(NodeTestTask.java:144)\r\n\tat org.junit.platform.engine.support.hierarchical.ThrowableCollector.execute(ThrowableCollector.java:73)\r\n\tat org.junit.platform.engine.support.hierarchical.NodeTestTask.executeRecursively(NodeTestTask.java:143)\r\n\tat org.junit.platform.engine.support.hierarchical.NodeTestTask.execute(NodeTestTask.java:100)\r\n\tat java.base/java.util.ArrayList.forEach(ArrayList.java:1596)\r\n\tat org.junit.platform.engine.support.hierarchical.SameThreadHierarchicalTestExecutorService.invokeAll(SameThreadHierarchicalTestExecutorService.java:41)\r\n\tat org.junit.platform.engine.support.hierarchical.NodeTestTask.lambda$executeRecursively$6(NodeTestTask.java:160)\r\n\tat org.junit.platform.engine.support.hierarchical.ThrowableCollector.execute(ThrowableCollector.java:73)\r\n\tat org.junit.platform.engine.support.hierarchical.NodeTestTask.lambda$executeRecursively$8(NodeTestTask.java:146)\r\n\tat org.junit.platform.engine.support.hierarchical.Node.around(Node.java:137)\r\n\tat org.junit.platform.engine.support.hierarchical.NodeTestTask.lambda$executeRecursively$9(NodeTestTask.java:144)\r\n\tat org.junit.platform.engine.support.hierarchical.ThrowableCollector.execute(ThrowableCollector.java:73)\r\n\tat org.junit.platform.engine.support.hierarchical.NodeTestTask.executeRecursively(NodeTestTask.java:143)\r\n\tat org.junit.platform.engine.support.hierarchical.NodeTestTask.execute(NodeTestTask.java:100)\r\n\tat java.base/java.util.ArrayList.forEach(ArrayList.java:1596)\r\n\tat org.junit.platform.engine.support.hierarchical.SameThreadHierarchicalTestExecutorService.invokeAll(SameThreadHierarchicalTestExecutorService.java:41)\r\n\tat org.junit.platform.engine.support.hierarchical.NodeTestTask.lambda$executeRecursively$6(NodeTestTask.java:160)\r\n\tat org.junit.platform.engine.support.hierarchical.ThrowableCollector.execute(ThrowableCollector.java:73)\r\n\tat org.junit.platform.engine.support.hierarchical.NodeTestTask.lambda$executeRecursively$8(NodeTestTask.java:146)\r\n\tat org.junit.platform.engine.support.hierarchical.Node.around(Node.java:137)\r\n\tat org.junit.platform.engine.support.hierarchical.NodeTestTask.lambda$executeRecursively$9(NodeTestTask.java:144)\r\n\tat org.junit.platform.engine.support.hierarchical.ThrowableCollector.execute(ThrowableCollector.java:73)\r\n\tat org.junit.platform.engine.support.hierarchical.NodeTestTask.executeRecursively(NodeTestTask.java:143)\r\n\tat org.junit.platform.engine.support.hierarchical.NodeTestTask.execute(NodeTestTask.java:100)\r\n\tat org.junit.platform.engine.support.hierarchical.SameThreadHierarchicalTestExecutorService.submit(SameThreadHierarchicalTestExecutorService.java:35)\r\n\tat org.junit.platform.engine.support.hierarchical.HierarchicalTestExecutor.execute(HierarchicalTestExecutor.java:57)\r\n\tat org.junit.platform.engine.support.hierarchical.HierarchicalTestEngine.execute(HierarchicalTestEngine.java:54)\r\n\tat org.junit.platform.launcher.core.DefaultLauncher.execute(DefaultLauncher.java:248)\r\n\tat org.junit.platform.launcher.core.DefaultLauncher.lambda$execute$5(DefaultLauncher.java:211)\r\n\tat org.junit.platform.launcher.core.DefaultLauncher.withInterceptedStreams(DefaultLauncher.java:226)\r\n\tat org.junit.platform.launcher.core.DefaultLauncher.execute(DefaultLauncher.java:199)\r\n\tat org.junit.platform.launcher.core.DefaultLauncher.execute(DefaultLauncher.java:132)\r\n\tat org.apache.maven.surefire.junitplatform.JUnitPlatformProvider.execute(JUnitPlatformProvider.java:188)\r\n\tat org.apache.maven.surefire.junitplatform.JUnitPlatformProvider.invokeAllTests(JUnitPlatformProvider.java:154)\r\n\tat org.apache.maven.surefire.junitplatform.JUnitPlatformProvider.invoke(JUnitPlatformProvider.java:128)\r\n\tat org.apache.maven.surefire.booter.ForkedBooter.runSuitesInProcess(ForkedBooter.java:428)\r\n\tat org.apache.maven.surefire.booter.ForkedBooter.execute(ForkedBooter.java:162)\r\n\tat org.apache.maven.surefire.booter.ForkedBooter.run(ForkedBooter.java:562)\r\n\tat org.apache.maven.surefire.booter.ForkedBooter.main(ForkedBooter.java:548)\r\n"},"fields":{},"attachments":[],"steps":[],"params":{},"paramGroups":[],"relations":{"suite":{"data":[{"title":"com.qa.nal.SearchTests","publicId":0}]}},"muted":false,"message":"org.opentest4j.AssertionFailedError: Test Failed: Error {\n  message\u003d\u0027Timeout 60000ms exceeded.\n  name\u003d\u0027TimeoutError\n  stack\u003d\u0027TimeoutError: Timeout 60000ms exceeded.\n    at ProgressController.run (C:\\Users\\user\\AppData\\Local\\Temp\\playwright-java-10549302936286851254\\package\\lib\\server\\progress.js:76:26)\n    at Frame.waitForSelector (C:\\Users\\user\\AppData\\Local\\Temp\\playwright-java-10549302936286851254\\package\\lib\\server\\frames.js:647:23)\n    at FrameDispatcher.waitForSelector (C:\\Users\\user\\AppData\\Local\\Temp\\playwright-java-10549302936286851254\\package\\lib\\server\\dispatchers\\frameDispatcher.js:82:116)\n    at FrameDispatcher._handleCommand (C:\\Users\\user\\AppData\\Local\\Temp\\playwright-java-10549302936286851254\\package\\lib\\server\\dispatchers\\dispatcher.js:94:40)\n    at DispatcherConnection.dispatch (C:\\Users\\user\\AppData\\Local\\Temp\\playwright-java-10549302936286851254\\package\\lib\\server\\dispatchers\\dispatcher.js:307:39)\n}\nCall log:\n-   - waiting for locator(\"#container \u003e div \u003e div.q8WwEU \u003e div \u003e div \u003e div \u003e div \u003e div \u003e div \u003e div \u003e div \u003e div \u003e div._2nl6Ch.k2FAh4 \u003e div \u003e div \u003e header \u003e div._3ZqtNW \u003e div._3NorZ0._3jeYYh \u003e form \u003e div \u003e div \u003e input\") to be visible\n","ignore":false}
]]></system-out>
    <system-err><![CDATA[ERROR StatusLogger Log4j2 could not find a logging implementation. Please add log4j-core to the classpath. Using SimpleLogger to log to the console...
]]></system-err>
  </testcase>
</testsuite>